{"/workspaces/streetCart_trackr/backend/controllers/cartController.js": {"path":"/workspaces/streetCart_trackr/backend/controllers/cartController.js","statementMap":{"0":{"start":{"line":1,"column":17},"end":{"line":1,"column":36}},"1":{"start":{"line":2,"column":13},"end":{"line":2,"column":38}},"2":{"start":{"line":5,"column":0},"end":{"line":12,"column":2}},"3":{"start":{"line":6,"column":2},"end":{"line":11,"column":3}},"4":{"start":{"line":7,"column":18},"end":{"line":7,"column":35}},"5":{"start":{"line":8,"column":4},"end":{"line":8,"column":20}},"6":{"start":{"line":10,"column":4},"end":{"line":10,"column":14}},"7":{"start":{"line":15,"column":0},"end":{"line":23,"column":2}},"8":{"start":{"line":16,"column":2},"end":{"line":22,"column":3}},"9":{"start":{"line":17,"column":38},"end":{"line":17,"column":46}},"10":{"start":{"line":18,"column":17},"end":{"line":18,"column":61}},"11":{"start":{"line":19,"column":4},"end":{"line":19,"column":31}},"12":{"start":{"line":21,"column":4},"end":{"line":21,"column":14}},"13":{"start":{"line":26,"column":0},"end":{"line":49,"column":2}},"14":{"start":{"line":27,"column":17},"end":{"line":27,"column":27}},"15":{"start":{"line":29,"column":2},"end":{"line":31,"column":3}},"16":{"start":{"line":30,"column":4},"end":{"line":30,"column":62}},"17":{"start":{"line":33,"column":2},"end":{"line":48,"column":3}},"18":{"start":{"line":34,"column":38},"end":{"line":34,"column":46}},"19":{"start":{"line":35,"column":20},"end":{"line":39,"column":5}},"20":{"start":{"line":41,"column":4},"end":{"line":43,"column":5}},"21":{"start":{"line":42,"column":6},"end":{"line":42,"column":63}},"22":{"start":{"line":45,"column":4},"end":{"line":45,"column":22}},"23":{"start":{"line":47,"column":4},"end":{"line":47,"column":14}},"24":{"start":{"line":52,"column":0},"end":{"line":70,"column":2}},"25":{"start":{"line":53,"column":17},"end":{"line":53,"column":27}},"26":{"start":{"line":55,"column":2},"end":{"line":57,"column":3}},"27":{"start":{"line":56,"column":4},"end":{"line":56,"column":62}},"28":{"start":{"line":59,"column":2},"end":{"line":69,"column":3}},"29":{"start":{"line":60,"column":20},"end":{"line":60,"column":52}},"30":{"start":{"line":62,"column":4},"end":{"line":64,"column":5}},"31":{"start":{"line":63,"column":6},"end":{"line":63,"column":63}},"32":{"start":{"line":66,"column":4},"end":{"line":66,"column":27}},"33":{"start":{"line":68,"column":4},"end":{"line":68,"column":14}}},"fnMap":{"0":{"name":"(anonymous_0)","decl":{"start":{"line":5,"column":19},"end":{"line":5,"column":20}},"loc":{"start":{"line":5,"column":45},"end":{"line":12,"column":1}},"line":5},"1":{"name":"(anonymous_1)","decl":{"start":{"line":15,"column":21},"end":{"line":15,"column":22}},"loc":{"start":{"line":15,"column":47},"end":{"line":23,"column":1}},"line":15},"2":{"name":"(anonymous_2)","decl":{"start":{"line":26,"column":21},"end":{"line":26,"column":22}},"loc":{"start":{"line":26,"column":47},"end":{"line":49,"column":1}},"line":26},"3":{"name":"(anonymous_3)","decl":{"start":{"line":52,"column":21},"end":{"line":52,"column":22}},"loc":{"start":{"line":52,"column":47},"end":{"line":70,"column":1}},"line":52}},"branchMap":{"0":{"loc":{"start":{"line":29,"column":2},"end":{"line":31,"column":3}},"type":"if","locations":[{"start":{"line":29,"column":2},"end":{"line":31,"column":3}},{"start":{},"end":{}}],"line":29},"1":{"loc":{"start":{"line":41,"column":4},"end":{"line":43,"column":5}},"type":"if","locations":[{"start":{"line":41,"column":4},"end":{"line":43,"column":5}},{"start":{},"end":{}}],"line":41},"2":{"loc":{"start":{"line":55,"column":2},"end":{"line":57,"column":3}},"type":"if","locations":[{"start":{"line":55,"column":2},"end":{"line":57,"column":3}},{"start":{},"end":{}}],"line":55},"3":{"loc":{"start":{"line":62,"column":4},"end":{"line":64,"column":5}},"type":"if","locations":[{"start":{"line":62,"column":4},"end":{"line":64,"column":5}},{"start":{},"end":{}}],"line":62}},"s":{"0":1,"1":1,"2":1,"3":1,"4":1,"5":1,"6":0,"7":1,"8":2,"9":2,"10":2,"11":2,"12":0,"13":1,"14":1,"15":1,"16":0,"17":1,"18":1,"19":1,"20":1,"21":0,"22":1,"23":0,"24":1,"25":2,"26":2,"27":0,"28":2,"29":2,"30":2,"31":1,"32":1,"33":0},"f":{"0":1,"1":2,"2":1,"3":2},"b":{"0":[0,1],"1":[0,1],"2":[0,2],"3":[1,1]},"_coverageSchema":"1a1c01bbd47fc00a2c39e90264f33305004495a9","hash":"6ea8b0b5ecbd8b57dd14c3e034f9656335238f5c"}
,"/workspaces/streetCart_trackr/backend/models/Cart.js": {"path":"/workspaces/streetCart_trackr/backend/models/Cart.js","statementMap":{"0":{"start":{"line":2,"column":17},"end":{"line":2,"column":36}},"1":{"start":{"line":4,"column":19},"end":{"line":9,"column":24}},"2":{"start":{"line":12,"column":0},"end":{"line":12,"column":37}},"3":{"start":{"line":14,"column":0},"end":{"line":14,"column":52}}},"fnMap":{},"branchMap":{},"s":{"0":1,"1":1,"2":1,"3":1},"f":{},"b":{},"_coverageSchema":"1a1c01bbd47fc00a2c39e90264f33305004495a9","hash":"806a7b4319600d4f1c42d8cdf3bc67bb36244b35"}
,"/workspaces/streetCart_trackr/backend/routes/cartRoutes.js": {"path":"/workspaces/streetCart_trackr/backend/routes/cartRoutes.js","statementMap":{"0":{"start":{"line":1,"column":16},"end":{"line":1,"column":34}},"1":{"start":{"line":2,"column":35},"end":{"line":2,"column":63}},"2":{"start":{"line":8,"column":4},"end":{"line":8,"column":44}},"3":{"start":{"line":10,"column":15},"end":{"line":10,"column":31}},"4":{"start":{"line":13,"column":23},"end":{"line":18,"column":1}},"5":{"start":{"line":21,"column":24},"end":{"line":27,"column":1}},"6":{"start":{"line":22,"column":17},"end":{"line":22,"column":38}},"7":{"start":{"line":23,"column":2},"end":{"line":25,"column":3}},"8":{"start":{"line":24,"column":4},"end":{"line":24,"column":60}},"9":{"start":{"line":26,"column":2},"end":{"line":26,"column":9}},"10":{"start":{"line":30,"column":0},"end":{"line":30,"column":26}},"11":{"start":{"line":31,"column":0},"end":{"line":31,"column":62}},"12":{"start":{"line":32,"column":0},"end":{"line":32,"column":64}},"13":{"start":{"line":33,"column":0},"end":{"line":33,"column":34}},"14":{"start":{"line":35,"column":0},"end":{"line":35,"column":24}}},"fnMap":{"0":{"name":"(anonymous_0)","decl":{"start":{"line":21,"column":24},"end":{"line":21,"column":25}},"loc":{"start":{"line":21,"column":44},"end":{"line":27,"column":1}},"line":21}},"branchMap":{"0":{"loc":{"start":{"line":23,"column":2},"end":{"line":25,"column":3}},"type":"if","locations":[{"start":{"line":23,"column":2},"end":{"line":25,"column":3}},{"start":{},"end":{}}],"line":23}},"s":{"0":1,"1":1,"2":1,"3":1,"4":1,"5":1,"6":6,"7":6,"8":3,"9":3,"10":1,"11":1,"12":1,"13":1,"14":1},"f":{"0":6},"b":{"0":[3,3]},"_coverageSchema":"1a1c01bbd47fc00a2c39e90264f33305004495a9","hash":"e224eb9097b64f60df7dee7f7982779e037d692d"}
}
