TN:
SF:controllers/cartController.js
FN:3,(anonymous_0)
FN:12,(anonymous_1)
FN:22,(anonymous_2)
FN:33,(anonymous_3)
FNF:4
FNH:4
FNDA:1,(anonymous_0)
FNDA:2,(anonymous_1)
FNDA:1,(anonymous_2)
FNDA:2,(anonymous_3)
DA:1,1
DA:3,1
DA:4,1
DA:5,1
DA:6,1
DA:8,0
DA:12,1
DA:13,2
DA:14,2
DA:15,2
DA:16,2
DA:18,0
DA:22,1
DA:23,1
DA:24,1
DA:25,1
DA:26,1
DA:27,1
DA:29,0
DA:33,1
DA:34,2
DA:35,2
DA:36,2
DA:37,2
DA:39,0
LF:25
LH:21
BRF:0
BRH:0
end_of_record
TN:
SF:models/Cart.js
FNF:0
FNH:0
DA:2,1
DA:4,1
DA:12,1
DA:14,1
LF:4
LH:4
BRF:0
BRH:0
end_of_record
TN:
SF:routes/cartRoutes.js
FN:21,(anonymous_0)
FNF:1
FNH:1
FNDA:6,(anonymous_0)
DA:1,1
DA:2,1
DA:8,1
DA:10,1
DA:13,1
DA:21,1
DA:22,6
DA:23,6
DA:24,3
DA:26,3
DA:30,1
DA:31,1
DA:32,1
DA:33,1
DA:35,1
LF:15
LH:15
BRDA:23,0,0,3
BRDA:23,0,1,3
BRF:2
BRH:2
end_of_record
