TN:
SF:controllers/cartController.js
FN:5,(anonymous_0)
FN:15,(anonymous_1)
FN:26,(anonymous_2)
FN:52,(anonymous_3)
FNF:4
FNH:4
FNDA:1,(anonymous_0)
FNDA:2,(anonymous_1)
FNDA:1,(anonymous_2)
FNDA:2,(anonymous_3)
DA:1,1
DA:2,1
DA:5,1
DA:6,1
DA:7,1
DA:8,1
DA:10,0
DA:15,1
DA:16,2
DA:17,2
DA:18,2
DA:19,2
DA:21,0
DA:26,1
DA:27,1
DA:29,1
DA:30,0
DA:33,1
DA:34,1
DA:35,1
DA:41,1
DA:42,0
DA:45,1
DA:47,0
DA:52,1
DA:53,2
DA:55,2
DA:56,0
DA:59,2
DA:60,2
DA:62,2
DA:63,1
DA:66,1
DA:68,0
LF:34
LH:27
BRDA:29,0,0,0
BRDA:29,0,1,1
BRDA:41,1,0,0
BRDA:41,1,1,1
BRDA:55,2,0,0
BRDA:55,2,1,2
BRDA:62,3,0,1
BRDA:62,3,1,1
BRF:8
BRH:5
end_of_record
TN:
SF:models/Cart.js
FNF:0
FNH:0
DA:2,1
DA:4,1
DA:12,1
DA:14,1
LF:4
LH:4
BRF:0
BRH:0
end_of_record
TN:
SF:routes/cartRoutes.js
FN:21,(anonymous_0)
FNF:1
FNH:1
FNDA:6,(anonymous_0)
DA:1,1
DA:2,1
DA:8,1
DA:10,1
DA:13,1
DA:21,1
DA:22,6
DA:23,6
DA:24,3
DA:26,3
DA:30,1
DA:31,1
DA:32,1
DA:33,1
DA:35,1
LF:15
LH:15
BRDA:23,0,0,3
BRDA:23,0,1,3
BRF:2
BRH:2
end_of_record
